w*: 26
./grid20x20.f2/grid20x20.f2.uai 	400 	400 	26 	110 	66 	3000013
DEBUG : context_size_list (size, num) :
   1 194
   2 3
   3 5
   4 1
   5 8
   6 17
   7 4
   8 17
   9 28
   10 9
   11 6
   12 13
   13 13
   14 8
   15 5
   16 4
   17 9
   18 10
   19 9
   20 6
   21 8
   22 7
   23 6
   24 4
   25 3
   26 2
   27 1291.583 	38 	0 	141383 	10.2762 	10.271 	grid20x20.f2.uai-AO-i-5-prop-0-a-equalDistQB4_dfs-nC-2147483647-nAbs-1024-abs_indv-0-hscale-100-wscale-100-wdecay-100-nR-0-t-10.out 	18 	113 	3882406 	26 	12 	638374 	38 	583.314 	589.119 	1245184
